<?xml version="1.0" encoding="UTF-8"?>
<testsuites name="All" time="16" tests="2" failures="0" errors="0">
   <testsuite name="All" tests="2" failures="0" errors="0" time="16" timestamp="2018-12-27 15:24:39" hostname="haimnguyen - D24ZQN2.kms.com.vn" id="Test Suites/All">
      <properties>
         <property name="deviceName" value=""/>
         <property name="devicePlatform" value=""/>
         <property name="logFolder" value="C:\\data\\katalon-python-bdd-poc\\Reports\\All\\20181227_152436"/>
         <property name="logFiles" value="C:\\data\\katalon-python-bdd-poc\\Reports\\All\\20181227_152436\\execution0.log"/>
         <property name="attachments" value=""/>
         <property name="hostName" value="haimnguyen - D24ZQN2.kms.com.vn"/>
         <property name="os" value="Windows 10 64bit"/>
         <property name="katalonVersion" value="5.10.0.1"/>
         <property name="browser" value="Chrome 71.0.3578.98"/>
         <property name="hostAddress" value="192.168.99.1"/>
         <property name="sessionId" value="2e0822e8977d1e5186980affaea4ffde"/>
         <property name="seleniumVersion" value="3.7.1"/>
         <property name="proxyInformation" value="ProxyInformation{proxyOption=NO_PROXY, proxyServerType=HTTP, password=, proxyServerAddress=, proxyServerPort=0}"/>
         <property name="platform" value="Windows 10"/>
      </properties>
      <testcase name="Test Cases/Python Test Cases/Python Do Something On Web" classname="Test Cases/Python Test Cases/Python Do Something On Web" status="PASSED">
         <system-out><![CDATA[2018-12-27 15:24:39 - [TEST_CASE][PASSED] - Test Cases/Python Test Cases/Python Do Something On Web: Test Cases/Python Test Cases/Python Do Something On Web

2018-12-27 15:24:39 - [TEST_STEP][PASSED] - openBrowser("https://www.katalon.com"): Browser is opened with url: 'https://www.katalon.com'

2018-12-27 15:24:40 - [MESSAGE][INFO] - Starting 'Chrome' driver

2018-12-27 15:24:40 - [MESSAGE][INFO] - Action delay is set to 0 seconds

2018-12-27 15:24:50 - [MESSAGE][PASSED] - Browser is opened with url: 'https://www.katalon.com'

2018-12-27 15:24:50 - [TEST_STEP][PASSED] - demo.PythonKeywords.gotoGoogle(): demo.PythonKeywords.gotoGoogle is PASSED

2018-12-27 15:24:50 - [MESSAGE][INFO] - []

2018-12-27 15:24:50 - [MESSAGE][INFO] - C:\Users\HAIMNG~1\AppData\Local\Temp\ks_py_output_2749009966167886121.tmp

2018-12-27 15:24:50 - [MESSAGE][INFO] - {"keyword":"keywords.goto_google","keywordArgs":[],"outputPath":"C:\\Users\\HAIMNG~1\\AppData\\Local\\Temp\\ks_py_output_2749009966167886121.tmp","webDriver":{"sessionId":"2e0822e8977d1e5186980affaea4ffde","serverUrl":"http://localhost:38567"}}

2018-12-27 15:24:50 - [MESSAGE][INFO] - Project directory C:/data/katalon-python-bdd-poc

2018-12-27 15:24:52 - [MESSAGE][INFO] - Finish Python keyword execution

2018-12-27 15:24:52 - [MESSAGE][PASSED] - demo.PythonKeywords.gotoGoogle is PASSED

2018-12-27 15:24:52 - [TEST_STEP][PASSED] - closeBrowser(): Browser is closed

2018-12-27 15:24:53 - [MESSAGE][PASSED] - Browser is closed]]></system-out>
         <system-err><![CDATA[]]></system-err>
      </testcase>
      <testcase name="Test Cases/Python Test Cases/Python Hello World" classname="Test Cases/Python Test Cases/Python Hello World" status="PASSED">
         <system-out><![CDATA[2018-12-27 15:24:53 - [TEST_CASE][PASSED] - Test Cases/Python Test Cases/Python Hello World: Test Cases/Python Test Cases/Python Hello World

2018-12-27 15:24:53 - [TEST_STEP][PASSED] - demo.PythonKeywords.helloWorld(11, 15): demo.PythonKeywords.helloWorld is PASSED

2018-12-27 15:24:53 - [MESSAGE][INFO] - [11, 15]

2018-12-27 15:24:53 - [MESSAGE][INFO] - C:\Users\HAIMNG~1\AppData\Local\Temp\ks_py_output_2046076002798102566.tmp

2018-12-27 15:24:53 - [MESSAGE][INFO] - {"keyword":"keywords.hello_world","keywordArgs":[11,15],"outputPath":"C:\\Users\\HAIMNG~1\\AppData\\Local\\Temp\\ks_py_output_2046076002798102566.tmp"}

2018-12-27 15:24:53 - [MESSAGE][INFO] - Project directory C:/data/katalon-python-bdd-poc

2018-12-27 15:24:55 - [MESSAGE][INFO] - Hello, World from print

2018-12-27 15:24:55 - [MESSAGE][INFO] - ('Sum of', (11, 15))

2018-12-27 15:24:55 - [MESSAGE][INFO] - ('Sum is', 26)

2018-12-27 15:24:55 - [MESSAGE][INFO] - Finish Python keyword execution

2018-12-27 15:24:55 - [MESSAGE][PASSED] - demo.PythonKeywords.helloWorld is PASSED]]></system-out>
         <system-err><![CDATA[]]></system-err>
      </testcase>
      <system-out><![CDATA[2018-12-27 15:24:39 - [TEST_SUITE][PASSED] - All: Test Cases/Python Test Cases/Python Hello World]]></system-out>
      <system-err><![CDATA[]]></system-err>
   </testsuite>
</testsuites>
