<?xml version="1.0" encoding="UTF-8"?>
<testsuites name="All" time="21" tests="2" failures="0" errors="0">
   <testsuite name="All" tests="2" failures="0" errors="0" time="21" timestamp="2018-12-27 15:31:11" hostname="haimnguyen - D24ZQN2.kms.com.vn" id="Test Suites/All">
      <properties>
         <property name="deviceName" value=""/>
         <property name="devicePlatform" value=""/>
         <property name="logFolder" value="C:\\data\\katalon-python-bdd-poc\\Reports\\All\\20181227_153108"/>
         <property name="logFiles" value="C:\\data\\katalon-python-bdd-poc\\Reports\\All\\20181227_153108\\execution0.log"/>
         <property name="attachments" value=""/>
         <property name="hostName" value="haimnguyen - D24ZQN2.kms.com.vn"/>
         <property name="os" value="Windows 10 64bit"/>
         <property name="katalonVersion" value="5.10.0.1"/>
         <property name="browser" value="Chrome 71.0.3578.98"/>
         <property name="hostAddress" value="192.168.99.1"/>
         <property name="sessionId" value="1bc28560bf7cff299830c7b6e7044728"/>
         <property name="seleniumVersion" value="3.7.1"/>
         <property name="proxyInformation" value="ProxyInformation{proxyOption=NO_PROXY, proxyServerType=HTTP, password=, proxyServerAddress=, proxyServerPort=0}"/>
         <property name="platform" value="Windows 10"/>
      </properties>
      <testcase name="Test Cases/Python Test Cases/Python Do Something On Web" classname="Test Cases/Python Test Cases/Python Do Something On Web" status="PASSED">
         <system-out><![CDATA[2018-12-27 15:31:11 - [TEST_CASE][PASSED] - Test Cases/Python Test Cases/Python Do Something On Web: Test Cases/Python Test Cases/Python Do Something On Web

2018-12-27 15:31:12 - [TEST_STEP][PASSED] - openBrowser("https://www.katalon.com"): Browser is opened with url: 'https://www.katalon.com'

2018-12-27 15:31:12 - [MESSAGE][INFO] - Starting 'Chrome' driver

2018-12-27 15:31:12 - [MESSAGE][INFO] - Action delay is set to 0 seconds

2018-12-27 15:31:22 - [MESSAGE][PASSED] - Browser is opened with url: 'https://www.katalon.com'

2018-12-27 15:31:22 - [TEST_STEP][PASSED] - demo.PythonKeywords.gotoGoogle(): demo.PythonKeywords.gotoGoogle is PASSED

2018-12-27 15:31:22 - [MESSAGE][INFO] - []

2018-12-27 15:31:22 - [MESSAGE][INFO] - C:\Users\HAIMNG~1\AppData\Local\Temp\ks_py_output_3879777044771807815.tmp

2018-12-27 15:31:22 - [MESSAGE][INFO] - {"keyword":"keywords.goto_google","keywordArgs":[],"outputPath":"C:\\Users\\HAIMNG~1\\AppData\\Local\\Temp\\ks_py_output_3879777044771807815.tmp","webDriver":{"sessionId":"1bc28560bf7cff299830c7b6e7044728","serverUrl":"http://localhost:26773"}}

2018-12-27 15:31:22 - [MESSAGE][INFO] - Project directory C:/data/katalon-python-bdd-poc

2018-12-27 15:31:30 - [MESSAGE][INFO] - Finish Python keyword execution

2018-12-27 15:31:30 - [MESSAGE][PASSED] - demo.PythonKeywords.gotoGoogle is PASSED

2018-12-27 15:31:30 - [TEST_STEP][PASSED] - closeBrowser(): Browser is closed

2018-12-27 15:31:31 - [MESSAGE][PASSED] - Browser is closed]]></system-out>
         <system-err><![CDATA[]]></system-err>
      </testcase>
      <testcase name="Test Cases/Python Test Cases/Python Hello World" classname="Test Cases/Python Test Cases/Python Hello World" status="PASSED">
         <system-out><![CDATA[2018-12-27 15:31:31 - [TEST_CASE][PASSED] - Test Cases/Python Test Cases/Python Hello World: Test Cases/Python Test Cases/Python Hello World

2018-12-27 15:31:31 - [TEST_STEP][PASSED] - demo.PythonKeywords.helloWorld(11, 15): demo.PythonKeywords.helloWorld is PASSED

2018-12-27 15:31:31 - [MESSAGE][INFO] - [11, 15]

2018-12-27 15:31:31 - [MESSAGE][INFO] - C:\Users\HAIMNG~1\AppData\Local\Temp\ks_py_output_1218827080643569767.tmp

2018-12-27 15:31:31 - [MESSAGE][INFO] - {"keyword":"keywords.hello_world","keywordArgs":[11,15],"outputPath":"C:\\Users\\HAIMNG~1\\AppData\\Local\\Temp\\ks_py_output_1218827080643569767.tmp"}

2018-12-27 15:31:31 - [MESSAGE][INFO] - Project directory C:/data/katalon-python-bdd-poc

2018-12-27 15:31:33 - [MESSAGE][INFO] - Hello, World from print

2018-12-27 15:31:33 - [MESSAGE][INFO] - ('Sum of', (11, 15))

2018-12-27 15:31:33 - [MESSAGE][INFO] - ('Sum is', 26)

2018-12-27 15:31:33 - [MESSAGE][INFO] - Finish Python keyword execution

2018-12-27 15:31:33 - [MESSAGE][PASSED] - demo.PythonKeywords.helloWorld is PASSED]]></system-out>
         <system-err><![CDATA[]]></system-err>
      </testcase>
      <system-out><![CDATA[2018-12-27 15:31:11 - [TEST_SUITE][PASSED] - All: Test Cases/Python Test Cases/Python Hello World]]></system-out>
      <system-err><![CDATA[]]></system-err>
   </testsuite>
</testsuites>
